<?xml version="1.0" encoding="UTF-8"?>
<testsuite xmlns:xsi="http://www.w3.org/2001/XMLSchema-instance" xsi:noNamespaceSchemaLocation="https://maven.apache.org/surefire/maven-surefire-plugin/xsd/surefire-test-report-3.0.xsd" version="3.0" name="com.venturenix.cmc.SpringBootSecurityJwtApplicationTests" time="5.288" tests="1" errors="0" skipped="0" failures="0">
  <properties>
[...]
</properties>
  <testcase name="contextLoads" classname="com.venturenix.cmc.SpringBootSecurityJwtApplicationTests" time="0.437">
    <system-out><![CDATA[14:22:58.099 [main] INFO org.springframework.test.context.support.AnnotationConfigContextLoaderUtils -- Could not detect default configuration classes for test class [com.venturenix.cmc.SpringBootSecurityJwtApplicationTests]: SpringBootSecurityJwtApplicationTests does not declare any static, non-private, non-final, nested classes annotated with @Configuration.
14:22:58.176 [main] INFO org.springframework.boot.test.context.SpringBootTestContextBootstrapper -- Found @SpringBootConfiguration com.venturenix.cmc.SpringBootSecurityJwtApplication for test class com.venturenix.cmc.SpringBootSecurityJwtApplicationTests
14:22:58.271 [main] INFO org.springframework.boot.devtools.restart.RestartApplicationListener -- Restart disabled due to context in which it is running

  .   ____          _            __ _ _
 /\\ / ___'_ __ _ _(_)_ __  __ _ \ \ \ \
( ( )\___ | '_ | '_| | '_ \/ _` | \ \ \ \
 \\/  ___)| |_)| | | | | || (_| |  ) ) ) )
  '  |____| .__|_| |_|_| |_\__, | / / / /
 =========|_|==============|___/=/_/_/_/
 :: Spring Boot ::                (v3.1.0)

2024-03-02T14:22:58.444+08:00  INFO 58747 --- [           main] .c.SpringBootSecurityJwtApplicationTests : Starting SpringBootSecurityJwtApplicationTests using Java 21.0.1 with PID 58747 (started by oscarlo in /Users/oscarlo/github/code_json_verson/Backend_Vincent)
2024-03-02T14:22:58.445+08:00  INFO 58747 --- [           main] .c.SpringBootSecurityJwtApplicationTests : No active profile set, falling back to 1 default profile: "default"
2024-03-02T14:22:58.975+08:00  INFO 58747 --- [           main] .s.d.r.c.RepositoryConfigurationDelegate : Bootstrapping Spring Data JPA repositories in DEFAULT mode.
2024-03-02T14:22:59.048+08:00  INFO 58747 --- [           main] .s.d.r.c.RepositoryConfigurationDelegate : Finished Spring Data repository scanning in 69 ms. Found 18 JPA repository interfaces.
2024-03-02T14:22:59.445+08:00  INFO 58747 --- [           main] com.zaxxer.hikari.HikariDataSource       : HikariPool-1 - Starting...
2024-03-02T14:22:59.624+08:00  INFO 58747 --- [           main] com.zaxxer.hikari.pool.HikariPool        : HikariPool-1 - Added connection com.mysql.cj.jdbc.ConnectionImpl@55736cfe
2024-03-02T14:22:59.626+08:00  INFO 58747 --- [           main] com.zaxxer.hikari.HikariDataSource       : HikariPool-1 - Start completed.
2024-03-02T14:22:59.695+08:00  INFO 58747 --- [           main] o.hibernate.jpa.internal.util.LogHelper  : HHH000204: Processing PersistenceUnitInfo [name: default]
2024-03-02T14:22:59.758+08:00  INFO 58747 --- [           main] org.hibernate.Version                    : HHH000412: Hibernate ORM core version 6.2.2.Final
2024-03-02T14:22:59.759+08:00  INFO 58747 --- [           main] org.hibernate.cfg.Environment            : HHH000406: Using bytecode reflection optimizer
2024-03-02T14:22:59.848+08:00  INFO 58747 --- [           main] o.h.b.i.BytecodeProviderInitiator        : HHH000021: Bytecode provider name : bytebuddy
2024-03-02T14:22:59.935+08:00  INFO 58747 --- [           main] o.s.o.j.p.SpringPersistenceUnitInfo      : No LoadTimeWeaver setup: ignoring JPA class transformer
2024-03-02T14:23:00.007+08:00  INFO 58747 --- [           main] org.hibernate.orm.dialect                : HHH035001: Using dialect: org.hibernate.dialect.MySQLDialect, version: 8.1
2024-03-02T14:23:00.238+08:00  INFO 58747 --- [           main] o.h.b.i.BytecodeProviderInitiator        : HHH000021: Bytecode provider name : bytebuddy
2024-03-02T14:23:00.889+08:00  INFO 58747 --- [           main] o.h.e.t.j.p.i.JtaPlatformInitiator       : HHH000490: Using JtaPlatform implementation: [org.hibernate.engine.transaction.jta.platform.internal.NoJtaPlatform]
2024-03-02T14:23:01.434+08:00  INFO 58747 --- [           main] j.LocalContainerEntityManagerFactoryBean : Initialized JPA EntityManagerFactory for persistence unit 'default'
2024-03-02T14:23:01.958+08:00  INFO 58747 --- [           main] o.s.d.j.r.query.QueryEnhancerFactory     : Hibernate is in classpath; If applicable, HQL parser will be used.
2024-03-02T14:23:02.429+08:00  WARN 58747 --- [           main] JpaBaseConfiguration$JpaWebConfiguration : spring.jpa.open-in-view is enabled by default. Therefore, database queries may be performed during view rendering. Explicitly configure spring.jpa.open-in-view to disable this warning
2024-03-02T14:23:02.628+08:00  INFO 58747 --- [           main] o.s.s.web.DefaultSecurityFilterChain     : Will secure any request with [org.springframework.security.web.session.DisableEncodeUrlFilter@6d985720, org.springframework.security.web.context.request.async.WebAsyncManagerIntegrationFilter@2d1dbf4f, org.springframework.security.web.context.SecurityContextHolderFilter@3725471, org.springframework.security.web.header.HeaderWriterFilter@beac39c, org.springframework.security.web.authentication.logout.LogoutFilter@7ae2f5b6, com.venturenix.cmc.security.jwt.AuthTokenFilter@372153eb, org.springframework.security.web.savedrequest.RequestCacheAwareFilter@3c51dec5, org.springframework.security.web.servletapi.SecurityContextHolderAwareRequestFilter@51a42767, org.springframework.security.web.authentication.AnonymousAuthenticationFilter@4f94b2a8, org.springframework.security.web.session.SessionManagementFilter@463e0b6a, org.springframework.security.web.access.ExceptionTranslationFilter@72f4232, org.springframework.security.web.access.intercept.AuthorizationFilter@524250ec]
2024-03-02T14:23:02.807+08:00  INFO 58747 --- [           main] .c.SpringBootSecurityJwtApplicationTests : Started SpringBootSecurityJwtApplicationTests in 4.543 seconds (process running for 5.292)
]]></system-out>
    <system-err><![CDATA[WARNING: A Java agent has been loaded dynamically (/Users/oscarlo/.m2/repository/net/bytebuddy/byte-buddy-agent/1.14.4/byte-buddy-agent-1.14.4.jar)
WARNING: If a serviceability tool is in use, please run with -XX:+EnableDynamicAgentLoading to hide this warning
WARNING: If a serviceability tool is not in use, please run with -Djdk.instrument.traceUsage for more information
WARNING: Dynamic loading of agents will be disallowed by default in a future release
]]></system-err>
  </testcase>
</testsuite>